<?xml version="1.0" encoding="UTF-8"?>
<testsuite name="sort.OddEventSortUT" tests="8" skipped="0" failures="0" errors="0" timestamp="2020-06-10T21:25:02" hostname="yassine-PC" time="0.048">
  <properties/>
  <testcase name="odd_even_sort_should_be_equals_to_1_2" classname="sort.OddEventSortUT" time="0.042"/>
  <testcase name="odd_even_sort_should_throw_arg_exception_when_list_is_empty" classname="sort.OddEventSortUT" time="0.002"/>
  <testcase name="odd_even_sort_should_be_equals_to_aa_bb_cc_dd" classname="sort.OddEventSortUT" time="0.001"/>
  <testcase name="odd_even_sort_should_be_equals_to_n85_1_2_5" classname="sort.OddEventSortUT" time="0.0"/>
  <testcase name="odd_even_sort_should_be_equals_to_1" classname="sort.OddEventSortUT" time="0.0"/>
  <testcase name="odd_even_sort_should_be_equals_to_p10_p50_p70" classname="sort.OddEventSortUT" time="0.001"/>
  <testcase name="odd_even_sort_should_be_equals_to_1_2_5" classname="sort.OddEventSortUT" time="0.0"/>
  <testcase name="odd_even_sort_should_throw_arg_exception_when_list_is_null" classname="sort.OddEventSortUT" time="0.001"/>
  <system-out><![CDATA[]]></system-out>
  <system-err><![CDATA[]]></system-err>
</testsuite>
