<?xml version="1.0" encoding="UTF-8"?>
<testsuite name="numbers.NombrePremiersUT" tests="11" skipped="0" failures="0" errors="0" timestamp="2020-06-05T22:21:03" hostname="yassine-PC" time="0.08">
  <properties/>
  <testcase name="four_shouldnt_be_prime_number" classname="numbers.NombrePremiersUT" time="0.058"/>
  <testcase name="two_should_be_prime_number" classname="numbers.NombrePremiersUT" time="0.003"/>
  <testcase name="zero_shouldnt_be_prime_number" classname="numbers.NombrePremiersUT" time="0.002"/>
  <testcase name="two_hundred_eighty_one_should_be_prime_number" classname="numbers.NombrePremiersUT" time="0.002"/>
  <testcase name="eleven_should_be_prime_number" classname="numbers.NombrePremiersUT" time="0.002"/>
  <testcase name="three_should_be_prime_number" classname="numbers.NombrePremiersUT" time="0.002"/>
  <testcase name="five_should_be_prime_number" classname="numbers.NombrePremiersUT" time="0.001"/>
  <testcase name="seventy_shouldnt_be_prime_number" classname="numbers.NombrePremiersUT" time="0.001"/>
  <testcase name="prime_numbers_should_be_sorted" classname="numbers.NombrePremiersUT" time="0.003"/>
  <testcase name="ninety_seven_should_be_prime_number" classname="numbers.NombrePremiersUT" time="0.002"/>
  <testcase name="one_shouldnt_be_prime_number" classname="numbers.NombrePremiersUT" time="0.001"/>
  <system-out><![CDATA[]]></system-out>
  <system-err><![CDATA[]]></system-err>
</testsuite>
