<?xml version="1.0" encoding="UTF-8"?>
<testsuite name="words.FizzBuzzUT" tests="15" skipped="0" failures="0" errors="0" timestamp="2020-06-04T18:09:46" hostname="yassine-PC" time="0.044">
  <properties/>
  <testcase name="fizz_buzz_with_30_should_return_Fizzbuzz" classname="words.FizzBuzzUT" time="0.042"/>
  <testcase name="fizz_buzz_with_10_should_return_Buzz" classname="words.FizzBuzzUT" time="0.0"/>
  <testcase name="fizz_buzz_with_20_should_return_Buzz" classname="words.FizzBuzzUT" time="0.0"/>
  <testcase name="fizz_buzz_with_3_should_return_Fizz" classname="words.FizzBuzzUT" time="0.0"/>
  <testcase name="fizz_buzz_between_1_and_2_should_return_12" classname="words.FizzBuzzUT" time="0.0"/>
  <testcase name="fizz_buzz_between_1_and_6_should_return_12Fizz4BuzzFizzbuzz" classname="words.FizzBuzzUT" time="0.0"/>
  <testcase name="fizz_buzz_between_1_and_30_should_return_12Fizz4BuzzFizzbuzz" classname="words.FizzBuzzUT" time="0.0"/>
  <testcase name="fizz_buzz_with_4_should_return_4" classname="words.FizzBuzzUT" time="0.0"/>
  <testcase name="fizz_buzz_with_9_should_return_Fizz" classname="words.FizzBuzzUT" time="0.001"/>
  <testcase name="fizz_buzz_with_1_should_return_1" classname="words.FizzBuzzUT" time="0.0"/>
  <testcase name="fizz_buzz_between_1_and_3_should_return_12Fizz" classname="words.FizzBuzzUT" time="0.0"/>
  <testcase name="fizz_buzz_with_15_should_return_Fizzbuzz" classname="words.FizzBuzzUT" time="0.0"/>
  <testcase name="fizz_buzz_with_6_should_return_Fizz" classname="words.FizzBuzzUT" time="0.0"/>
  <testcase name="fizz_buzz_with_5_should_return_5" classname="words.FizzBuzzUT" time="0.0"/>
  <testcase name="fizz_buzz_with_2_should_return_2" classname="words.FizzBuzzUT" time="0.0"/>
  <system-out><![CDATA[]]></system-out>
  <system-err><![CDATA[]]></system-err>
</testsuite>
